2023-06-25 11:19:09,670 - mmpose - INFO - Environment info:
------------------------------------------------------------
sys.platform: linux
Python: 3.6.13 |Anaconda, Inc.| (default, Jun  4 2021, 14:25:59) [GCC 7.5.0]
CUDA available: True
GPU 0,1,2: NVIDIA GeForce RTX 3080
CUDA_HOME: /usr/local/cuda
NVCC: Cuda compilation tools, release 11.6, V11.6.124
GCC: gcc (Ubuntu 7.5.0-3ubuntu1~18.04) 7.5.0
PyTorch: 1.10.0
PyTorch compiling details: PyTorch built with:
  - GCC 7.3
  - C++ Version: 201402
  - Intel(R) Math Kernel Library Version 2020.0.2 Product Build 20200624 for Intel(R) 64 architecture applications
  - Intel(R) MKL-DNN v2.2.3 (Git Hash 7336ca9f055cf1bfa13efb658fe15dc9b41f0740)
  - OpenMP 201511 (a.k.a. OpenMP 4.5)
  - LAPACK is enabled (usually provided by MKL)
  - NNPACK is enabled
  - CPU capability usage: AVX512
  - CUDA Runtime 11.3
  - NVCC architecture flags: -gencode;arch=compute_37,code=sm_37;-gencode;arch=compute_50,code=sm_50;-gencode;arch=compute_60,code=sm_60;-gencode;arch=compute_61,code=sm_61;-gencode;arch=compute_70,code=sm_70;-gencode;arch=compute_75,code=sm_75;-gencode;arch=compute_80,code=sm_80;-gencode;arch=compute_86,code=sm_86;-gencode;arch=compute_37,code=compute_37
  - CuDNN 8.2
  - Magma 2.5.2
  - Build settings: BLAS_INFO=mkl, BUILD_TYPE=Release, CUDA_VERSION=11.3, CUDNN_VERSION=8.2.0, CXX_COMPILER=/opt/rh/devtoolset-7/root/usr/bin/c++, CXX_FLAGS= -Wno-deprecated -fvisibility-inlines-hidden -DUSE_PTHREADPOOL -fopenmp -DNDEBUG -DUSE_KINETO -DUSE_FBGEMM -DUSE_QNNPACK -DUSE_PYTORCH_QNNPACK -DUSE_XNNPACK -DSYMBOLICATE_MOBILE_DEBUG_HANDLE -DEDGE_PROFILER_USE_KINETO -O2 -fPIC -Wno-narrowing -Wall -Wextra -Werror=return-type -Wno-missing-field-initializers -Wno-type-limits -Wno-array-bounds -Wno-unknown-pragmas -Wno-sign-compare -Wno-unused-parameter -Wno-unused-variable -Wno-unused-function -Wno-unused-result -Wno-unused-local-typedefs -Wno-strict-overflow -Wno-strict-aliasing -Wno-error=deprecated-declarations -Wno-stringop-overflow -Wno-psabi -Wno-error=pedantic -Wno-error=redundant-decls -Wno-error=old-style-cast -fdiagnostics-color=always -faligned-new -Wno-unused-but-set-variable -Wno-maybe-uninitialized -fno-math-errno -fno-trapping-math -Werror=format -Wno-stringop-overflow, LAPACK_INFO=mkl, PERF_WITH_AVX=1, PERF_WITH_AVX2=1, PERF_WITH_AVX512=1, TORCH_VERSION=1.10.0, USE_CUDA=ON, USE_CUDNN=ON, USE_EXCEPTION_PTR=1, USE_GFLAGS=OFF, USE_GLOG=OFF, USE_MKL=ON, USE_MKLDNN=ON, USE_MPI=OFF, USE_NCCL=ON, USE_NNPACK=ON, USE_OPENMP=ON, 

TorchVision: 0.11.0
OpenCV: 4.7.0
MMCV: 1.6.0
MMCV Compiler: GCC 9.3
MMCV CUDA Compiler: 11.3
MMPose: 0.25.1+
------------------------------------------------------------

2023-06-25 11:19:09,671 - mmpose - INFO - Distributed training: True
2023-06-25 11:19:12,860 - mmpose - INFO - Config:
log_level = 'INFO'
load_from = None
resume_from = None
dist_params = dict(backend='nccl')
workflow = [('train', 1)]
checkpoint_config = dict(interval=5)
evaluation = dict(interval=10, metric='mAP', save_best='AP')
optimizer = dict(type='Adam', lr=0.002)
optimizer_config = dict(grad_clip=None)
lr_config = dict(
    policy='step',
    warmup='linear',
    warmup_iters=500,
    warmup_ratio=0.001,
    step=[170, 200])
total_epochs = 270
log_config = dict(
    interval=200,
    hooks=[dict(type='TextLoggerHook'),
           dict(type='TensorboardLoggerHook')])
channel_cfg = dict(
    num_output_channels=17,
    dataset_joints=17,
    dataset_channel=[[
        0, 1, 2, 3, 4, 5, 6, 7, 8, 9, 10, 11, 12, 13, 14, 15, 16
    ]],
    inference_channel=[
        0, 1, 2, 3, 4, 5, 6, 7, 8, 9, 10, 11, 12, 13, 14, 15, 16
    ])
model = dict(
    type='TopDown',
    pretrained=None,
    backbone=dict(
        type='InLiteHRNet',
        in_channels=3,
        extra=dict(
            stem=dict(stem_channels=32, out_channels=32, expand_ratio=1),
            num_stages=3,
            stages_spec=dict(
                num_modules=(3, 8, 3),
                num_branches=(2, 3, 4),
                num_blocks=(2, 2, 2),
                with_fuse=(True, True, True),
                num_channels=((40, 80), (40, 80, 160), (40, 80, 160, 320))),
            with_head=True)),
    keypoint_head=dict(
        type='TopdownHeatmapSimpleHead',
        in_channels=40,
        out_channels=17,
        num_deconv_layers=0,
        extra=dict(final_conv_kernel=1)),
    train_cfg=dict(),
    test_cfg=dict(
        flip_test=True,
        post_process=True,
        shift_heatmap=True,
        unbiased_decoding=False,
        modulate_kernel=11),
    loss_pose=dict(type='JointsMSELoss', use_target_weight=True))
data_cfg = dict(
    image_size=[192, 256],
    heatmap_size=[48, 64],
    num_output_channels=17,
    num_joints=17,
    dataset_channel=[[
        0, 1, 2, 3, 4, 5, 6, 7, 8, 9, 10, 11, 12, 13, 14, 15, 16
    ]],
    inference_channel=[
        0, 1, 2, 3, 4, 5, 6, 7, 8, 9, 10, 11, 12, 13, 14, 15, 16
    ],
    soft_nms=False,
    nms_thr=1.0,
    oks_thr=0.9,
    vis_thr=0.2,
    bbox_thr=1.0,
    use_gt_bbox=False,
    image_thr=0.0,
    bbox_file=
    '/home/ubuntu/aa_zhangziyang/DeepHighResolutionNet/data/coco/person_detection_results/COCO_val2017_detections_AP_H_56_person.json'
)
val_data_cfg = dict(
    image_size=[192, 256],
    heatmap_size=[48, 64],
    num_output_channels=17,
    num_joints=17,
    dataset_channel=[[
        0, 1, 2, 3, 4, 5, 6, 7, 8, 9, 10, 11, 12, 13, 14, 15, 16
    ]],
    inference_channel=[
        0, 1, 2, 3, 4, 5, 6, 7, 8, 9, 10, 11, 12, 13, 14, 15, 16
    ],
    soft_nms=False,
    nms_thr=1.0,
    oks_thr=0.9,
    vis_thr=0.2,
    bbox_thr=1.0,
    use_gt_bbox=True,
    image_thr=0.0,
    bbox_file=
    '/home/ubuntu/aa_zhangziyang/DeepHighResolutionNet/data/coco/person_detection_results/COCO_val2017_detections_AP_H_56_person.json'
)
train_pipeline = [
    dict(type='LoadImageFromFile'),
    dict(type='TopDownRandomFlip', flip_prob=0.5),
    dict(
        type='TopDownHalfBodyTransform',
        num_joints_half_body=8,
        prob_half_body=0.3),
    dict(
        type='TopDownGetRandomScaleRotation', rot_factor=30,
        scale_factor=0.25),
    dict(type='TopDownAffine'),
    dict(type='ToTensor'),
    dict(
        type='NormalizeTensor',
        mean=[0.485, 0.456, 0.406],
        std=[0.229, 0.224, 0.225]),
    dict(type='TopDownGenerateTarget', sigma=2),
    dict(
        type='Collect',
        keys=['img', 'target', 'target_weight'],
        meta_keys=[
            'image_file', 'joints_3d', 'joints_3d_visible', 'center', 'scale',
            'rotation', 'bbox_score', 'flip_pairs'
        ])
]
val_pipeline = [
    dict(type='LoadImageFromFile'),
    dict(type='TopDownAffine'),
    dict(type='ToTensor'),
    dict(
        type='NormalizeTensor',
        mean=[0.485, 0.456, 0.406],
        std=[0.229, 0.224, 0.225]),
    dict(
        type='Collect',
        keys=['img'],
        meta_keys=[
            'image_file', 'center', 'scale', 'rotation', 'bbox_score',
            'flip_pairs'
        ])
]
test_pipeline = [
    dict(type='LoadImageFromFile'),
    dict(type='TopDownAffine'),
    dict(type='ToTensor'),
    dict(
        type='NormalizeTensor',
        mean=[0.485, 0.456, 0.406],
        std=[0.229, 0.224, 0.225]),
    dict(
        type='Collect',
        keys=['img'],
        meta_keys=[
            'image_file', 'center', 'scale', 'rotation', 'bbox_score',
            'flip_pairs'
        ])
]
data_root = '/home/ubuntu/aa_zhangziyang/DeepHighResolutionNet/data/coco/images'
data = dict(
    samples_per_gpu=16,
    workers_per_gpu=4,
    persistent_workers=True,
    val_dataloader=dict(samples_per_gpu=32),
    test_dataloader=dict(samples_per_gpu=32),
    train=dict(
        type='TopDownCocoDataset',
        ann_file=
        '/home/ubuntu/aa_zhangziyang/DeepHighResolutionNet/data/coco/images/annotations/person_keypoints_train2017.json',
        img_prefix=
        '/home/ubuntu/aa_zhangziyang/DeepHighResolutionNet/data/coco/images/train2017/',
        data_cfg=dict(
            image_size=[192, 256],
            heatmap_size=[48, 64],
            num_output_channels=17,
            num_joints=17,
            dataset_channel=[[
                0, 1, 2, 3, 4, 5, 6, 7, 8, 9, 10, 11, 12, 13, 14, 15, 16
            ]],
            inference_channel=[
                0, 1, 2, 3, 4, 5, 6, 7, 8, 9, 10, 11, 12, 13, 14, 15, 16
            ],
            soft_nms=False,
            nms_thr=1.0,
            oks_thr=0.9,
            vis_thr=0.2,
            bbox_thr=1.0,
            use_gt_bbox=False,
            image_thr=0.0,
            bbox_file=
            '/home/ubuntu/aa_zhangziyang/DeepHighResolutionNet/data/coco/person_detection_results/COCO_val2017_detections_AP_H_56_person.json'
        ),
        pipeline=[
            dict(type='LoadImageFromFile'),
            dict(type='TopDownRandomFlip', flip_prob=0.5),
            dict(
                type='TopDownHalfBodyTransform',
                num_joints_half_body=8,
                prob_half_body=0.3),
            dict(
                type='TopDownGetRandomScaleRotation',
                rot_factor=30,
                scale_factor=0.25),
            dict(type='TopDownAffine'),
            dict(type='ToTensor'),
            dict(
                type='NormalizeTensor',
                mean=[0.485, 0.456, 0.406],
                std=[0.229, 0.224, 0.225]),
            dict(type='TopDownGenerateTarget', sigma=2),
            dict(
                type='Collect',
                keys=['img', 'target', 'target_weight'],
                meta_keys=[
                    'image_file', 'joints_3d', 'joints_3d_visible', 'center',
                    'scale', 'rotation', 'bbox_score', 'flip_pairs'
                ])
        ]),
    val=dict(
        type='TopDownCocoDataset',
        ann_file=
        '/home/ubuntu/aa_zhangziyang/DeepHighResolutionNet/data/coco/images/annotations/person_keypoints_val2017.json',
        img_prefix=
        '/home/ubuntu/aa_zhangziyang/DeepHighResolutionNet/data/coco/images/val2017/',
        data_cfg=dict(
            image_size=[192, 256],
            heatmap_size=[48, 64],
            num_output_channels=17,
            num_joints=17,
            dataset_channel=[[
                0, 1, 2, 3, 4, 5, 6, 7, 8, 9, 10, 11, 12, 13, 14, 15, 16
            ]],
            inference_channel=[
                0, 1, 2, 3, 4, 5, 6, 7, 8, 9, 10, 11, 12, 13, 14, 15, 16
            ],
            soft_nms=False,
            nms_thr=1.0,
            oks_thr=0.9,
            vis_thr=0.2,
            bbox_thr=1.0,
            use_gt_bbox=True,
            image_thr=0.0,
            bbox_file=
            '/home/ubuntu/aa_zhangziyang/DeepHighResolutionNet/data/coco/person_detection_results/COCO_val2017_detections_AP_H_56_person.json'
        ),
        pipeline=[
            dict(type='LoadImageFromFile'),
            dict(type='TopDownAffine'),
            dict(type='ToTensor'),
            dict(
                type='NormalizeTensor',
                mean=[0.485, 0.456, 0.406],
                std=[0.229, 0.224, 0.225]),
            dict(
                type='Collect',
                keys=['img'],
                meta_keys=[
                    'image_file', 'center', 'scale', 'rotation', 'bbox_score',
                    'flip_pairs'
                ])
        ]),
    test=dict(
        type='TopDownCocoDataset',
        ann_file=
        '/home/ubuntu/aa_zhangziyang/DeepHighResolutionNet/data/coco/images/annotations/person_keypoints_val2017.json',
        img_prefix=
        '/home/ubuntu/aa_zhangziyang/DeepHighResolutionNet/data/coco/images/val2017/',
        data_cfg=dict(
            image_size=[192, 256],
            heatmap_size=[48, 64],
            num_output_channels=17,
            num_joints=17,
            dataset_channel=[[
                0, 1, 2, 3, 4, 5, 6, 7, 8, 9, 10, 11, 12, 13, 14, 15, 16
            ]],
            inference_channel=[
                0, 1, 2, 3, 4, 5, 6, 7, 8, 9, 10, 11, 12, 13, 14, 15, 16
            ],
            soft_nms=False,
            nms_thr=1.0,
            oks_thr=0.9,
            vis_thr=0.2,
            bbox_thr=1.0,
            use_gt_bbox=False,
            image_thr=0.0,
            bbox_file=
            '/home/ubuntu/aa_zhangziyang/DeepHighResolutionNet/data/coco/person_detection_results/COCO_val2017_detections_AP_H_56_person.json'
        ),
        pipeline=[
            dict(type='LoadImageFromFile'),
            dict(type='TopDownAffine'),
            dict(type='ToTensor'),
            dict(
                type='NormalizeTensor',
                mean=[0.485, 0.456, 0.406],
                std=[0.229, 0.224, 0.225]),
            dict(
                type='Collect',
                keys=['img'],
                meta_keys=[
                    'image_file', 'center', 'scale', 'rotation', 'bbox_score',
                    'flip_pairs'
                ])
        ]))
work_dir = './work_dirs/inlitehrnet_30_coco_256x192'
gpu_ids = range(0, 1)

2023-06-25 11:19:48,450 - mmpose - INFO - Start running, host: ubuntu@ubuntu-NF5468M5, work_dir: /home/ubuntu/aa_zhangziyang/LearnDeepLearning/Dite-HRNet-main/work_dirs/inlitehrnet_30_coco_256x192
2023-06-25 11:19:48,450 - mmpose - INFO - Hooks will be executed in the following order:
before_run:
(VERY_HIGH   ) StepLrUpdaterHook                  
(NORMAL      ) CheckpointHook                     
(NORMAL      ) DistEvalHook                       
(VERY_LOW    ) TextLoggerHook                     
(VERY_LOW    ) TensorboardLoggerHook              
 -------------------- 
before_train_epoch:
(VERY_HIGH   ) StepLrUpdaterHook                  
(NORMAL      ) DistSamplerSeedHook                
(NORMAL      ) DistEvalHook                       
(LOW         ) IterTimerHook                      
(VERY_LOW    ) TextLoggerHook                     
(VERY_LOW    ) TensorboardLoggerHook              
 -------------------- 
before_train_iter:
(VERY_HIGH   ) StepLrUpdaterHook                  
(NORMAL      ) DistEvalHook                       
(LOW         ) IterTimerHook                      
 -------------------- 
after_train_iter:
(ABOVE_NORMAL) OptimizerHook                      
(NORMAL      ) CheckpointHook                     
(NORMAL      ) DistEvalHook                       
(LOW         ) IterTimerHook                      
(VERY_LOW    ) TextLoggerHook                     
(VERY_LOW    ) TensorboardLoggerHook              
 -------------------- 
after_train_epoch:
(NORMAL      ) CheckpointHook                     
(NORMAL      ) DistEvalHook                       
(VERY_LOW    ) TextLoggerHook                     
(VERY_LOW    ) TensorboardLoggerHook              
 -------------------- 
before_val_epoch:
(NORMAL      ) DistSamplerSeedHook                
(LOW         ) IterTimerHook                      
(VERY_LOW    ) TextLoggerHook                     
(VERY_LOW    ) TensorboardLoggerHook              
 -------------------- 
before_val_iter:
(LOW         ) IterTimerHook                      
 -------------------- 
after_val_iter:
(LOW         ) IterTimerHook                      
 -------------------- 
after_val_epoch:
(VERY_LOW    ) TextLoggerHook                     
(VERY_LOW    ) TensorboardLoggerHook              
 -------------------- 
after_run:
(VERY_LOW    ) TextLoggerHook                     
(VERY_LOW    ) TensorboardLoggerHook              
 -------------------- 
2023-06-25 11:19:48,451 - mmpose - INFO - workflow: [('train', 1)], max: 270 epochs
2023-06-25 11:19:48,451 - mmpose - INFO - Checkpoints will be saved to /home/ubuntu/aa_zhangziyang/LearnDeepLearning/Dite-HRNet-main/work_dirs/inlitehrnet_30_coco_256x192 by HardDiskBackend.
2023-06-25 11:23:43,557 - mmpose - INFO - Epoch [1][200/3122]	lr: 7.972e-04, eta: 11 days, 10:58:46, time: 1.175, data_time: 0.531, memory: 2693, heatmap_loss: 0.0022, acc_pose: 0.0970, loss: 0.0022
2023-06-25 11:25:41,552 - mmpose - INFO - Epoch [1][400/3122]	lr: 1.596e-03, eta: 8 days, 14:31:28, time: 0.590, data_time: 0.001, memory: 2693, heatmap_loss: 0.0021, acc_pose: 0.1710, loss: 0.0021
2023-06-25 11:27:44,510 - mmpose - INFO - Epoch [1][600/3122]	lr: 2.000e-03, eta: 7 days, 17:36:44, time: 0.615, data_time: 0.001, memory: 2693, heatmap_loss: 0.0021, acc_pose: 0.1975, loss: 0.0021
2023-06-25 11:29:46,084 - mmpose - INFO - Epoch [1][800/3122]	lr: 2.000e-03, eta: 7 days, 6:43:45, time: 0.608, data_time: 0.000, memory: 2693, heatmap_loss: 0.0020, acc_pose: 0.2357, loss: 0.0020
